\BOOKMARK [0][-]{chapter*.1}{Remerciements}{}% 1
\BOOKMARK [0][-]{chapter*.2}{R\351sum\351 en fran\347ais}{}% 2
\BOOKMARK [0][-]{chapter*.3}{Summary in English}{}% 3
\BOOKMARK [0][-]{chapter*.7}{Introduction}{}% 4
\BOOKMARK [1][-]{section*.18}{Les trois chapitres de la th\350se}{chapter*.7}% 5
\BOOKMARK [2][-]{subsection.0.0.1}{La temporalit\351 du syst\350me socio-fiscal}{section*.18}% 6
\BOOKMARK [2][-]{subsection.0.0.2}{Coop\351ration au sein des couples de cohabitant}{section*.18}% 7
\BOOKMARK [2][-]{subsection.0.0.3}{L'abaissement du quotient familial}{section*.18}% 8
\BOOKMARK [0][-]{chapter.1}{Monthly Income Tax Frequency:Theoretical and Empirical Investigations}{}% 9
\BOOKMARK [1][-]{section.1.1}{Introduction}{chapter.1}% 10
\BOOKMARK [1][-]{section.1.2}{Theory}{chapter.1}% 11
\BOOKMARK [2][-]{subsection.1.2.1}{Framework}{section.1.2}% 12
\BOOKMARK [2][-]{subsection.1.2.2}{Five within-year tax payments}{section.1.2}% 13
\BOOKMARK [2][-]{subsection.1.2.3}{Comparison of well-being for the tax regimes}{section.1.2}% 14
\BOOKMARK [2][-]{subsection.1.2.4}{Discussion}{section.1.2}% 15
\BOOKMARK [1][-]{section.1.3}{Data \046 French tax system}{chapter.1}% 16
\BOOKMARK [2][-]{subsection.1.3.1}{Tax Schedules: From theory to practice}{section.1.3}% 17
\BOOKMARK [2][-]{subsection.1.3.2}{Descriptive statistics}{section.1.3}% 18
\BOOKMARK [1][-]{section.1.4}{Simulations}{chapter.1}% 19
\BOOKMARK [1][-]{section.1.5}{Conclusion}{chapter.1}% 20
\BOOKMARK [1][-]{section.1.5}{References}{chapter.1}% 21
\BOOKMARK [0][-]{chapter.2}{A Direct Measure of Inefficiency within Couples}{}% 22
\BOOKMARK [1][-]{section.2.1}{Introduction}{chapter.2}% 23
\BOOKMARK [1][-]{section.2.2}{Empirical Approach}{chapter.2}% 24
\BOOKMARK [2][-]{subsection.2.2.1}{Data}{section.2.2}% 25
\BOOKMARK [2][-]{subsection.2.2.2}{Tax Rules and Simulations}{section.2.2}% 26
\BOOKMARK [1][-]{section.2.3}{Conceptual Background and Potential Channels}{chapter.2}% 27
\BOOKMARK [1][-]{section.2.4}{Results}{chapter.2}% 28
\BOOKMARK [2][-]{subsection.2.4.1}{Main Results}{section.2.4}% 29
\BOOKMARK [2][-]{subsection.2.4.2}{Transition patterns, Learning and Inertia. }{section.2.4}% 30
\BOOKMARK [1][-]{section.2.5}{Noncooperation}{chapter.2}% 31
\BOOKMARK [1][-]{section.2.6}{Conclusion}{chapter.2}% 32
\BOOKMARK [1][-]{section.2.6}{References}{chapter.2}% 33
\BOOKMARK [0][-]{chapter*.73}{Appendices}{}% 34
\BOOKMARK [1][-]{section.a.2.A}{Descriptive Statistics}{chapter*.73}% 35
\BOOKMARK [1][-]{section.a.2.B}{Distribution of Optimal Allocations by Family Size}{chapter*.73}% 36
\BOOKMARK [1][-]{section.a.2.C}{Marital Status Change and Large Non-Optimization}{chapter*.73}% 37
\BOOKMARK [0][-]{chapter.3}{Rich households taxable income and lowerings of the child tax break ceiling: \040A French natural experiment.}{}% 38
\BOOKMARK [1][-]{section.3.1}{Introduction}{chapter.3}% 39
\BOOKMARK [1][-]{section.3.2}{Institutional Background}{chapter.3}% 40
\BOOKMARK [1][-]{section.3.3}{Empirical Approach:}{chapter.3}% 41
\BOOKMARK [2][-]{subsection.3.3.1}{Data-Selection}{section.3.3}% 42
\BOOKMARK [2][-]{subsection.3.3.2}{Tax base and tax computation}{section.3.3}% 43
\BOOKMARK [2][-]{subsection.3.3.3}{Descriptive Statistics}{section.3.3}% 44
\BOOKMARK [2][-]{subsection.3.3.4}{Identification Strategy}{section.3.3}% 45
\BOOKMARK [1][-]{section.3.4}{Results: }{chapter.3}% 46
\BOOKMARK [2][-]{subsection.3.4.1}{Behavioral reactions on the extensive margin:}{section.3.4}% 47
\BOOKMARK [1][-]{section.3.5}{Conclusion}{chapter.3}% 48
\BOOKMARK [0][-]{chapter*.104}{Appendices}{}% 49
\BOOKMARK [1][-]{section.b.3.A}{Alternative specifications}{chapter*.104}% 50
\BOOKMARK [1][-]{section.b.3.B}{Common trend assumption and income dynamic}{chapter*.104}% 51
\BOOKMARK [1][-]{section.b.3.C}{Retirement pension reform}{chapter*.104}% 52
\BOOKMARK [1][-]{section.b.3.D}{Both parents working}{chapter*.104}% 53
\BOOKMARK [1][-]{section.b.3.E}{Loss in precentage of disposable income.}{chapter*.104}% 54
\BOOKMARK [1][-]{section.b.3.F}{Extensive margins, probability linear models:}{chapter*.104}% 55
\BOOKMARK [1][-]{table.caption.114}{References}{chapter*.104}% 56
\BOOKMARK [0][-]{chapter*.116}{Conclusion}{}% 57
\BOOKMARK [1][-]{section.3.7}{Softwares:}{chapter*.116}% 58
